<?xml version="1.0" encoding="UTF-8"?>
<!-- Generated by org.testng.reporters.JUnitReportReporter -->
<testsuite hostname="PhilipS-MacBookPro.local" name="q4WebTest.RegexTest" tests="1" failures="0" timestamp="14 Dec 2015 18:59:07 GMT" time="0.009" errors="0">
  <testcase name="f" time="0.009" classname="q4WebTest.RegexTest"/>
</testsuite> <!-- q4WebTest.RegexTest -->
