<?xml version="1.0" encoding="UTF-8"?>
<!-- Generated by org.testng.reporters.JUnitReportReporter -->
<testsuite hostname="PhilipS-MacBookPro.local" name="q4WebTest.SmokeMigrationTest" tests="1" failures="0" timestamp="21 Sep 2015 19:54:35 GMT" time="87.358" errors="0">
  <testcase name="SmokeMigrationTest" time="87.358" classname="q4WebTest.SmokeMigrationTest"/>
</testsuite> <!-- q4WebTest.SmokeMigrationTest -->
