<?xml version="1.0" encoding="UTF-8"?>
<!-- Generated by org.testng.reporters.JUnitReportReporter -->
<testsuite hostname="PhilipS-MacBookPro.local" name="q4WebTest.RssFeed" tests="1" failures="0" timestamp="14 Dec 2015 16:11:37 GMT" time="6.040" errors="0">
  <testcase name="getCheck" time="6.040" classname="q4WebTest.RssFeed"/>
</testsuite> <!-- q4WebTest.RssFeed -->
