<?xml version="1.0" encoding="UTF-8"?>
<!-- Generated by org.testng.reporters.JUnitReportReporter -->
<testsuite hostname="PhilipS-MacBookPro.local" name="q4WebTest.SessionsTest$SessionHandling" tests="1" failures="0" timestamp="22 Sep 2015 18:14:13 GMT" time="13.923" errors="0">
  <testcase name="main" time="13.923" classname="q4WebTest.SessionsTest$SessionHandling"/>
</testsuite> <!-- q4WebTest.SessionsTest$SessionHandling -->
