<?xml version="1.0" encoding="UTF-8"?>
<!-- Generated by org.testng.reporters.JUnitReportReporter -->
<testsuite hostname="PhilipS-MacBookPro.local" name="q4WebTest.ThreadLocalDemo" tests="1" failures="0" timestamp="24 Jun 2016 14:07:26 GMT" time="218.873" errors="0">
  <testcase name="Q4Web_SmokeMigrationTest" time="218.873" classname="q4WebTest.ThreadLocalDemo"/>
</testsuite> <!-- q4WebTest.ThreadLocalDemo -->
