<?xml version="1.0" encoding="UTF-8"?>
<!-- Generated by org.testng.reporters.JUnitReportReporter -->
<testsuite hostname="PhilipS-MacBookPro.local" name="q4WebTest.SessionsTest" tests="1" failures="0" timestamp="8 Oct 2015 15:43:49 GMT" time="16.704" errors="0">
  <testcase name="main" time="16.704" classname="q4WebTest.SessionsTest"/>
</testsuite> <!-- q4WebTest.SessionsTest -->
